
/home/runner/work/exp-modeling-uml-class-sequence-diagrams-iitkgp/exp-modeling-uml-class-sequence-diagrams-iitkgp/experiment/simulation/js/ex1.js
   11:10  warning  'create_select_options' is defined but never used  no-unused-vars
  127:10  warning  'create_attribute' is defined but never used       no-unused-vars
  177:10  warning  'create_operations' is defined but never used      no-unused-vars
  213:10  warning  'create_row_in_table_7' is defined but never used  no-unused-vars
  257:10  warning  'create_row_in_table_8' is defined but never used  no-unused-vars
  338:10  warning  'removerowli' is defined but never used            no-unused-vars
  342:10  warning  '$' is not defined                                 no-undef
  348:12  warning  'removerowtr' is defined but never used            no-unused-vars
  352:10  warning  '$' is not defined                                 no-undef
  359:12  warning  'drawbtex1' is defined but never used              no-unused-vars
  362:21  warning  'joint' is not defined                             no-undef
  364:21  warning  'joint' is not defined                             no-undef
  366:5   warning  'paper' is not defined                             no-undef
  366:17  warning  'joint' is not defined                             no-undef
  382:23  warning  'joint' is not defined                             no-undef
  401:23  warning  'joint' is not defined                             no-undef
  420:23  warning  'joint' is not defined                             no-undef
  439:23  warning  'joint' is not defined                             no-undef
  458:23  warning  'joint' is not defined                             no-undef
  477:23  warning  'joint' is not defined                             no-undef
  496:23  warning  'joint' is not defined                             no-undef
  515:23  warning  'joint' is not defined                             no-undef
  534:23  warning  'joint' is not defined                             no-undef
  553:23  warning  'joint' is not defined                             no-undef
  572:24  warning  'joint' is not defined                             no-undef
  591:24  warning  'joint' is not defined                             no-undef
  610:7   warning  'joint' is not defined                             no-undef
  621:23  warning  'joint' is not defined                             no-undef
  648:23  warning  'joint' is not defined                             no-undef
  674:23  warning  'joint' is not defined                             no-undef
  701:23  warning  'joint' is not defined                             no-undef
  737:23  warning  'joint' is not defined                             no-undef
  763:23  warning  'joint' is not defined                             no-undef
  789:23  warning  'joint' is not defined                             no-undef
  816:23  warning  'joint' is not defined                             no-undef
  855:22  warning  'joint' is not defined                             no-undef
  893:23  warning  'joint' is not defined                             no-undef
  929:24  warning  'joint' is not defined                             no-undef
  934:24  warning  'joint' is not defined                             no-undef
  939:24  warning  'joint' is not defined                             no-undef

/home/runner/work/exp-modeling-uml-class-sequence-diagrams-iitkgp/exp-modeling-uml-class-sequence-diagrams-iitkgp/experiment/simulation/js/ex2.js
   12:10  warning  'addbtnt21' is defined but never used       no-unused-vars
   90:10  warning  'addbtnt22' is defined but never used       no-unused-vars
  210:10  warning  'removerowtrex2' is defined but never used  no-unused-vars
  214:9   warning  '$' is not defined                          no-undef
  228:10  warning  'drawbtnex2' is defined but never used      no-unused-vars
  243:21  warning  'joint' is not defined                      no-undef
  245:21  warning  'joint' is not defined                      no-undef
  247:5   warning  'paper' is not defined                      no-undef
  247:17  warning  'joint' is not defined                      no-undef
  261:20  warning  'joint' is not defined                      no-undef
  281:21  warning  'joint' is not defined                      no-undef
  302:20  warning  'joint' is not defined                      no-undef
  323:21  warning  'joint' is not defined                      no-undef
  343:20  warning  'joint' is not defined                      no-undef
  362:20  warning  'joint' is not defined                      no-undef
  380:20  warning  'joint' is not defined                      no-undef
  399:21  warning  'joint' is not defined                      no-undef
  408:22  warning  'joint' is not defined                      no-undef
  417:5   warning  'joint' is not defined                      no-undef
  433:21  warning  'joint' is not defined                      no-undef
  440:21  warning  'joint' is not defined                      no-undef
  449:21  warning  'joint' is not defined                      no-undef
  483:21  warning  'joint' is not defined                      no-undef
  503:21  warning  'joint' is not defined                      no-undef

/home/runner/work/exp-modeling-uml-class-sequence-diagrams-iitkgp/exp-modeling-uml-class-sequence-diagrams-iitkgp/experiment/simulation/js/ex3.js
   13:10  warning  'addbtnt31' is defined but never used   no-unused-vars
   14:69  warning  Unnecessary semicolon                   no-extra-semi
   87:10  warning  'addbtnt32' is defined but never used   no-unused-vars
  215:10  warning  'removerow3' is defined but never used  no-unused-vars
  217:5   warning  '$' is not defined                      no-undef
  235:10  warning  'drawbtnex3' is defined but never used  no-unused-vars
  331:15  warning  'LeaderLine' is not defined             no-undef
  334:15  warning  'LeaderLine' is not defined             no-undef
  337:15  warning  'LeaderLine' is not defined             no-undef
  340:15  warning  'LeaderLine' is not defined             no-undef
  347:14  warning  'LeaderLine' is not defined             no-undef
  350:18  warning  'LeaderLine' is not defined             no-undef
  355:15  warning  'LeaderLine' is not defined             no-undef
  358:18  warning  'LeaderLine' is not defined             no-undef
  363:15  warning  'LeaderLine' is not defined             no-undef
  366:18  warning  'LeaderLine' is not defined             no-undef
  371:15  warning  'LeaderLine' is not defined             no-undef
  374:18  warning  'LeaderLine' is not defined             no-undef
  380:15  warning  'LeaderLine' is not defined             no-undef
  383:18  warning  'LeaderLine' is not defined             no-undef
  389:15  warning  'LeaderLine' is not defined             no-undef
  392:18  warning  'LeaderLine' is not defined             no-undef

/home/runner/work/exp-modeling-uml-class-sequence-diagrams-iitkgp/exp-modeling-uml-class-sequence-diagrams-iitkgp/experiment/simulation/js/ex3b.js
   13:10  warning  'addbtnt31b' is defined but never used                                                                                 no-unused-vars
   14:67  warning  Unnecessary semicolon                                                                                                  no-extra-semi
   86:6   warning  'line' is defined but never used                                                                                       no-unused-vars
   89:11  warning  'addbtnt32b' is defined but never used                                                                                 no-unused-vars
  218:10  warning  This branch can never execute. Its condition is a duplicate or covered by previous conditions in the if-else-if chain  no-dupe-else-if
  222:10  warning  This branch can never execute. Its condition is a duplicate or covered by previous conditions in the if-else-if chain  no-dupe-else-if
  236:11  warning  'removerow3' is defined but never used                                                                                 no-unused-vars
  238:7   warning  '$' is not defined                                                                                                     no-undef
  256:10  warning  'drawbtnex3b' is defined but never used                                                                                no-unused-vars
  345:20  warning  'LeaderLine' is not defined                                                                                            no-undef
  348:20  warning  'LeaderLine' is not defined                                                                                            no-undef
  351:21  warning  'LeaderLine' is not defined                                                                                            no-undef
  355:23  warning  'LeaderLine' is not defined                                                                                            no-undef
  358:23  warning  'LeaderLine' is not defined                                                                                            no-undef
  363:19  warning  'LeaderLine' is not defined                                                                                            no-undef
  365:23  warning  'LeaderLine' is not defined                                                                                            no-undef
  370:21  warning  'LeaderLine' is not defined                                                                                            no-undef
  372:22  warning  'LeaderLine' is not defined                                                                                            no-undef
  378:19  warning  'LeaderLine' is not defined                                                                                            no-undef
  380:24  warning  'LeaderLine' is not defined                                                                                            no-undef
  385:24  warning  'LeaderLine' is not defined                                                                                            no-undef
  387:22  warning  'LeaderLine' is not defined                                                                                            no-undef
  392:21  warning  'LeaderLine' is not defined                                                                                            no-undef
  394:20  warning  'LeaderLine' is not defined                                                                                            no-undef
  399:18  warning  'LeaderLine' is not defined                                                                                            no-undef
  401:18  warning  'LeaderLine' is not defined                                                                                            no-undef
  405:17  warning  'LeaderLine' is not defined                                                                                            no-undef
  407:24  warning  'LeaderLine' is not defined                                                                                            no-undef
  412:21  warning  'LeaderLine' is not defined                                                                                            no-undef
  414:24  warning  'LeaderLine' is not defined                                                                                            no-undef
  420:26  warning  'LeaderLine' is not defined                                                                                            no-undef
  422:22  warning  'LeaderLine' is not defined                                                                                            no-undef
  427:21  warning  'LeaderLine' is not defined                                                                                            no-undef
  429:22  warning  'LeaderLine' is not defined                                                                                            no-undef
  434:21  warning  'LeaderLine' is not defined                                                                                            no-undef
  436:24  warning  'LeaderLine' is not defined                                                                                            no-undef
  442:23  warning  'LeaderLine' is not defined                                                                                            no-undef
  444:24  warning  'LeaderLine' is not defined                                                                                            no-undef

/home/runner/work/exp-modeling-uml-class-sequence-diagrams-iitkgp/exp-modeling-uml-class-sequence-diagrams-iitkgp/experiment/simulation/js/leader-line.js
  2:5      warning  'LeaderLine' is assigned a value but never used                            no-unused-vars
  2:5916   warning  Unnecessary escape character: \-                                           no-useless-escape
  2:5922   warning  Unnecessary escape character: \.                                           no-useless-escape
  2:5931   warning  Unnecessary escape character: \%                                           no-useless-escape
  2:6694   warning  Do not access Object.prototype method 'hasOwnProperty' from target object  no-prototype-builtins
  2:9335   warning  'e' is already defined                                                     no-redeclare
  2:15792  warning  'm' is already defined                                                     no-redeclare
  2:15854  warning  'm' is already defined                                                     no-redeclare
  2:15870  warning  'i' is already defined                                                     no-redeclare
  2:15880  warning  'o' is already defined                                                     no-redeclare
  2:15890  warning  'm' is already defined                                                     no-redeclare
  2:15898  warning  'S' is already defined                                                     no-redeclare
  2:15914  warning  '_' is already defined                                                     no-redeclare
  2:15930  warning  'a' is already defined                                                     no-redeclare
  2:16005  warning  'c' is already defined                                                     no-redeclare
  2:16341  warning  't' is defined but never used                                              no-unused-vars
  2:19128  warning  'n' is already defined                                                     no-redeclare
  2:19700  warning  'n' is already defined                                                     no-redeclare
  2:20086  warning  'n' is already defined                                                     no-redeclare
  2:20917  warning  'S' is already defined                                                     no-redeclare
  2:25849  warning  'e' is already defined                                                     no-redeclare
  2:25947  warning  Expected a conditional expression and instead saw an assignment            no-cond-assign
  2:25977  warning  Unnecessary escape character: \-                                           no-useless-escape
  2:26434  warning  Expected a conditional expression and instead saw an assignment            no-cond-assign
  2:26438  warning  Unnecessary escape character: \#                                           no-useless-escape
  2:27652  warning  Expected a conditional expression and instead saw an assignment            no-cond-assign
  2:28007  warning  't' is already defined                                                     no-redeclare
  2:28076  warning  't' is already defined                                                     no-redeclare
  2:28413  warning  'u' is already defined                                                     no-redeclare
  2:28451  warning  's' is already defined                                                     no-redeclare
  2:28489  warning  'l' is already defined                                                     no-redeclare
  2:28527  warning  'o' is already defined                                                     no-redeclare
  2:28541  warning  'e' is already defined                                                     no-redeclare
  2:28555  warning  't' is already defined                                                     no-redeclare
  2:28569  warning  'i' is already defined                                                     no-redeclare
  2:28583  warning  'a' is already defined                                                     no-redeclare
  2:31428  warning  'e' is already defined                                                     no-redeclare
  2:31460  warning  'n' is already defined                                                     no-redeclare
  2:49145  warning  'e' is already defined                                                     no-redeclare
  2:50863  warning  'l' is already defined                                                     no-redeclare
  2:51133  warning  'l' is already defined                                                     no-redeclare
  2:56897  warning  'e' is already defined                                                     no-redeclare
  2:59618  warning  Do not access Object.prototype method 'hasOwnProperty' from target object  no-prototype-builtins
  2:59858  warning  Do not access Object.prototype method 'hasOwnProperty' from target object  no-prototype-builtins
  2:68803  warning  't' is defined but never used                                              no-unused-vars
  2:72492  warning  't' is already defined                                                     no-redeclare
  2:74420  warning  'e' is already defined                                                     no-redeclare
  2:74633  warning  't' is already defined                                                     no-redeclare
  2:78976  warning  Expected a conditional expression and instead saw an assignment            no-cond-assign
  2:79028  warning  Expected a conditional expression and instead saw an assignment            no-cond-assign
  2:81293  warning  'e' is already defined                                                     no-redeclare
  2:84094  warning  'e' is already defined                                                     no-redeclare
  2:89146  warning  'e' is already defined                                                     no-redeclare
  2:89681  warning  't' is already defined                                                     no-redeclare
  2:90895  warning  'i' is already defined                                                     no-redeclare
  2:92046  warning  Expected a conditional expression and instead saw an assignment            no-cond-assign
  2:95597  warning  Expected a conditional expression and instead saw an assignment            no-cond-assign

/home/runner/work/exp-modeling-uml-class-sequence-diagrams-iitkgp/exp-modeling-uml-class-sequence-diagrams-iitkgp/experiment/simulation/js/main.js
   10:10  warning  'subex' is defined but never used          no-unused-vars
   32:5   warning  'link1' is not defined                     no-undef
   33:5   warning  'link2' is not defined                     no-undef
   34:5   warning  'link3' is not defined                     no-undef
   35:5   warning  'link4' is not defined                     no-undef
   36:5   warning  'line' is not defined                      no-undef
   37:5   warning  'line2' is not defined                     no-undef
   38:5   warning  'line3' is not defined                     no-undef
   39:5   warning  'line4' is not defined                     no-undef
   40:5   warning  'line5' is not defined                     no-undef
   41:5   warning  'line6' is not defined                     no-undef
   43:5   warning  'link2a' is not defined                    no-undef
   44:5   warning  'link2b' is not defined                    no-undef
   45:5   warning  'link2c' is not defined                    no-undef
   46:5   warning  'link2d' is not defined                    no-undef
   47:5   warning  'link2e' is not defined                    no-undef
   48:5   warning  'line2a' is not defined                    no-undef
   49:5   warning  'line2b' is not defined                    no-undef
   50:5   warning  'line2c' is not defined                    no-undef
   51:5   warning  'line2d' is not defined                    no-undef
   52:5   warning  'line2e' is not defined                    no-undef
   53:5   warning  'line2f' is not defined                    no-undef
   54:5   warning  'line2g' is not defined                    no-undef
   55:5   warning  'line2h' is not defined                    no-undef
   56:5   warning  'line2i' is not defined                    no-undef
   57:5   warning  'line2j' is not defined                    no-undef
   58:5   warning  'line2k' is not defined                    no-undef
   59:5   warning  'line2l' is not defined                    no-undef
   81:5   warning  'link2a' is not defined                    no-undef
   82:5   warning  'link2b' is not defined                    no-undef
   83:5   warning  'link2c' is not defined                    no-undef
   84:5   warning  'link2d' is not defined                    no-undef
   85:5   warning  'link2e' is not defined                    no-undef
   86:5   warning  'line2a' is not defined                    no-undef
   87:5   warning  'line2b' is not defined                    no-undef
   88:5   warning  'line2c' is not defined                    no-undef
   89:5   warning  'line2d' is not defined                    no-undef
   90:5   warning  'line2e' is not defined                    no-undef
   91:5   warning  'line2f' is not defined                    no-undef
   92:5   warning  'line2g' is not defined                    no-undef
   93:5   warning  'line2h' is not defined                    no-undef
   94:5   warning  'line2i' is not defined                    no-undef
   95:5   warning  'line2j' is not defined                    no-undef
   96:5   warning  'line2k' is not defined                    no-undef
   97:5   warning  'line2l' is not defined                    no-undef
   99:5   warning  'link1' is not defined                     no-undef
  100:5   warning  'link2' is not defined                     no-undef
  101:5   warning  'link3' is not defined                     no-undef
  102:5   warning  'link4' is not defined                     no-undef
  103:5   warning  'line' is not defined                      no-undef
  104:5   warning  'line2' is not defined                     no-undef
  105:5   warning  'line3' is not defined                     no-undef
  106:5   warning  'line4' is not defined                     no-undef
  107:5   warning  'line5' is not defined                     no-undef
  108:5   warning  'line6' is not defined                     no-undef
  155:5   warning  'link1' is not defined                     no-undef
  156:5   warning  'link2' is not defined                     no-undef
  157:5   warning  'link3' is not defined                     no-undef
  158:5   warning  'link4' is not defined                     no-undef
  159:5   warning  'line' is not defined                      no-undef
  160:5   warning  'line2' is not defined                     no-undef
  161:5   warning  'line3' is not defined                     no-undef
  162:5   warning  'line4' is not defined                     no-undef
  163:5   warning  'line5' is not defined                     no-undef
  164:5   warning  'line6' is not defined                     no-undef
  165:5   warning  'link2a' is not defined                    no-undef
  166:5   warning  'link2b' is not defined                    no-undef
  167:5   warning  'link2c' is not defined                    no-undef
  168:5   warning  'link2d' is not defined                    no-undef
  169:5   warning  'link2e' is not defined                    no-undef
  170:5   warning  'line2a' is not defined                    no-undef
  171:5   warning  'line2b' is not defined                    no-undef
  172:5   warning  'line2c' is not defined                    no-undef
  173:5   warning  'line2d' is not defined                    no-undef
  174:5   warning  'line2e' is not defined                    no-undef
  175:5   warning  'line2f' is not defined                    no-undef
  176:5   warning  'line2g' is not defined                    no-undef
  177:5   warning  'line2h' is not defined                    no-undef
  178:5   warning  'line2i' is not defined                    no-undef
  179:5   warning  'line2j' is not defined                    no-undef
  180:5   warning  'line2k' is not defined                    no-undef
  181:5   warning  'line2l' is not defined                    no-undef
  187:10  warning  'viewsolutionb' is defined but never used  no-unused-vars
  204:10  warning  'solview' is defined but never used        no-unused-vars
  255:10  warning  'subpart' is defined but never used        no-unused-vars
  267:5   warning  'link2a' is not defined                    no-undef
  268:5   warning  'link2b' is not defined                    no-undef
  269:5   warning  'link2c' is not defined                    no-undef
  270:5   warning  'link2d' is not defined                    no-undef
  271:5   warning  'link2e' is not defined                    no-undef
  272:5   warning  'line2a' is not defined                    no-undef
  273:5   warning  'line2b' is not defined                    no-undef
  274:5   warning  'line2c' is not defined                    no-undef
  275:5   warning  'line2d' is not defined                    no-undef
  276:5   warning  'line2e' is not defined                    no-undef
  277:5   warning  'line2f' is not defined                    no-undef
  278:5   warning  'line2g' is not defined                    no-undef
  279:5   warning  'line2h' is not defined                    no-undef
  280:5   warning  'line2i' is not defined                    no-undef
  281:5   warning  'line2j' is not defined                    no-undef
  282:5   warning  'line2k' is not defined                    no-undef
  283:5   warning  'line2l' is not defined                    no-undef
  300:5   warning  'link1' is not defined                     no-undef
  301:5   warning  'link2' is not defined                     no-undef
  302:5   warning  'link3' is not defined                     no-undef
  303:5   warning  'link4' is not defined                     no-undef
  304:5   warning  'line' is not defined                      no-undef
  305:5   warning  'line2' is not defined                     no-undef
  306:5   warning  'line3' is not defined                     no-undef
  307:5   warning  'line4' is not defined                     no-undef
  308:5   warning  'line5' is not defined                     no-undef
  309:5   warning  'line6' is not defined                     no-undef

/home/runner/work/exp-modeling-uml-class-sequence-diagrams-iitkgp/exp-modeling-uml-class-sequence-diagrams-iitkgp/experiment/simulation/js/simulation.js
   34:10  warning  'main_play_button' is defined but never used  no-unused-vars
  103:10  warning  'loadPage1' is defined but never used         no-unused-vars
  189:10  warning  'loadPage2' is defined but never used         no-unused-vars
  222:10  warning  'loadPage3' is defined but never used         no-unused-vars
  241:10  warning  'loadPage4' is defined but never used         no-unused-vars
  258:10  warning  'loadPage5' is defined but never used         no-unused-vars
  283:10  warning  'loadPage6' is defined but never used         no-unused-vars
  310:10  warning  'loadPage7' is defined but never used         no-unused-vars
  311:3   warning  'currentPageIndex' is not defined             no-undef

✖ 302 problems (0 errors, 302 warnings)
  0 errors and 2 warnings potentially fixable with the `--fix` option.

